1692700546626	geckodriver	INFO	Listening on 127.0.0.1:36349
1692700547161	mozrunner::runner	INFO	Running command: MOZ_CRASHREPORTER="1" MOZ_CRASHREPORTER_NO_REPORT="1" MOZ_CRASHREPORTER_SHUTDOWN="1" MOZ_NO_REMOTE="1" "/usr ... te" "--remote-debugging-port" "49923" "--remote-allow-hosts" "localhost" "-no-remote" "-profile" "/tmp/rust_mozprofileDRWBdF"
ATTENTION: default value of option mesa_glthread overridden by environment.
ATTENTION: default value of option mesa_glthread overridden by environment.
1692700547899	Marionette	INFO	Marionette enabled
1692700547909	Marionette	INFO	Listening on port 36725
WebDriver BiDi listening on ws://localhost:49923
Read port: 36725
ATTENTION: default value of option mesa_glthread overridden by environment.
1692700548164	RemoteAgent	WARN	TLS certificate errors will be ignored for this session
console.warn: SearchSettings: "get: No settings file exists, new profile?" (new NotFoundError("Could not open the file at /tmp/rust_mozprofileDRWBdF/search.json.mozlz4", (void 0)))
Missing chrome or resource URL: resource://gre/modules/UpdateListener.jsm
Missing chrome or resource URL: resource://gre/modules/UpdateListener.sys.mjs
DevTools listening on ws://localhost:49923/devtools/browser/69723549-34b1-41da-ae42-a4f8ebae4220
console.error: Region.jsm: "Error fetching region" (new Error("TIMEOUT", "resource://gre/modules/Region.jsm", 767))
console.error: Region.jsm: "Failed to fetch region" (new Error("TIMEOUT", "resource://gre/modules/Region.jsm", 419))
JavaScript error: https://web.whatsapp.com/serviceworker.js, line 118: TypeError: Cache.put: Cache got basic response with bad status 206 while trying to add request https://web.whatsapp.com/sequential-ptt-middle_7fa161964e93db72b8d00ae22189d75f.mp3
JavaScript error: https://web.whatsapp.com/serviceworker.js, line 118: TypeError: Cache.put: Cache got basic response with bad status 206 while trying to add request https://web.whatsapp.com/sequential-ptt-end_62ed28be622237546fd39f9468a76a49.mp3
Missing chrome or resource URL: resource://gre/modules/UpdateListener.jsm
Missing chrome or resource URL: resource://gre/modules/UpdateListener.sys.mjs
console.error: "Error during quit-application-granted: [Exception... \"File error: Not found\"  nsresult: \"0x80520012 (NS_ERROR_FILE_NOT_FOUND)\"  location: \"JS frame :: resource:///modules/BrowserGlue.jsm :: _onQuitApplicationGranted/tasks< :: line 1996\"  data: no]"
1692700756325	Marionette	INFO	Stopped listening on port 36725
JavaScript error: resource://gre/modules/AsyncShutdown.jsm, line 718: Error: Phase "Sqlite.jsm: wait until all connections are closed" is finished, it is too late to register completion condition "protections.sqlite#0: waiting for shutdown"
1692700804120	geckodriver	INFO	Listening on 127.0.0.1:51445
1692700804669	mozrunner::runner	INFO	Running command: MOZ_CRASHREPORTER="1" MOZ_CRASHREPORTER_NO_REPORT="1" MOZ_CRASHREPORTER_SHUTDOWN="1" MOZ_NO_REMOTE="1" "/usr ... te" "--remote-debugging-port" "51521" "--remote-allow-hosts" "localhost" "-no-remote" "-profile" "/tmp/rust_mozprofileCj7Ejs"
ATTENTION: default value of option mesa_glthread overridden by environment.
ATTENTION: default value of option mesa_glthread overridden by environment.
1692700805422	Marionette	INFO	Marionette enabled
1692700805428	Marionette	INFO	Listening on port 36751
WebDriver BiDi listening on ws://localhost:51521
Read port: 36751
ATTENTION: default value of option mesa_glthread overridden by environment.
1692700805620	RemoteAgent	WARN	TLS certificate errors will be ignored for this session
console.warn: SearchSettings: "get: No settings file exists, new profile?" (new NotFoundError("Could not open the file at /tmp/rust_mozprofileCj7Ejs/search.json.mozlz4", (void 0)))
Missing chrome or resource URL: resource://gre/modules/UpdateListener.jsm
Missing chrome or resource URL: resource://gre/modules/UpdateListener.sys.mjs
DevTools listening on ws://localhost:51521/devtools/browser/c59d3d7d-5a18-496b-8885-94b59815f7d2
console.error: Region.jsm: "Error fetching region" (new Error("TIMEOUT", "resource://gre/modules/Region.jsm", 767))
console.error: Region.jsm: "Failed to fetch region" (new Error("TIMEOUT", "resource://gre/modules/Region.jsm", 419))
Missing chrome or resource URL: resource://gre/modules/UpdateListener.jsm
Missing chrome or resource URL: resource://gre/modules/UpdateListener.sys.mjs
console.error: "Error during quit-application-granted: [Exception... \"File error: Not found\"  nsresult: \"0x80520012 (NS_ERROR_FILE_NOT_FOUND)\"  location: \"JS frame :: resource:///modules/BrowserGlue.jsm :: _onQuitApplicationGranted/tasks< :: line 1996\"  data: no]"
1692701207983	Marionette	INFO	Stopped listening on port 36751
1692711124797	geckodriver	INFO	Listening on 127.0.0.1:44227
1692711125332	mozrunner::runner	INFO	Running command: MOZ_CRASHREPORTER="1" MOZ_CRASHREPORTER_NO_REPORT="1" MOZ_CRASHREPORTER_SHUTDOWN="1" MOZ_NO_REMOTE="1" "/usr ... te" "--remote-debugging-port" "43889" "--remote-allow-hosts" "localhost" "-no-remote" "-profile" "/tmp/rust_mozprofile6zDBgb"
ATTENTION: default value of option mesa_glthread overridden by environment.
ATTENTION: default value of option mesa_glthread overridden by environment.
1692711126126	Marionette	INFO	Marionette enabled
1692711126133	Marionette	INFO	Listening on port 37433
WebDriver BiDi listening on ws://localhost:43889
ATTENTION: default value of option mesa_glthread overridden by environment.
Read port: 37433
1692711126343	RemoteAgent	WARN	TLS certificate errors will be ignored for this session
console.warn: SearchSettings: "get: No settings file exists, new profile?" (new NotFoundError("Could not open the file at /tmp/rust_mozprofile6zDBgb/search.json.mozlz4", (void 0)))
Missing chrome or resource URL: resource://gre/modules/UpdateListener.jsm
Missing chrome or resource URL: resource://gre/modules/UpdateListener.sys.mjs
DevTools listening on ws://localhost:43889/devtools/browser/db50a176-de89-4c9a-bda8-f3f8eaaefeaf
JavaScript error: https://web.whatsapp.com/serviceworker.js, line 118: TypeError: Cache.put: Cache got basic response with bad status 206 while trying to add request https://web.whatsapp.com/sequential-ptt-middle_7fa161964e93db72b8d00ae22189d75f.mp3
JavaScript error: https://web.whatsapp.com/serviceworker.js, line 118: TypeError: Cache.put: Cache got basic response with bad status 206 while trying to add request https://web.whatsapp.com/sequential-ptt-end_62ed28be622237546fd39f9468a76a49.mp3
Missing chrome or resource URL: resource://gre/modules/UpdateListener.jsm
Missing chrome or resource URL: resource://gre/modules/UpdateListener.sys.mjs
console.error: "Error during quit-application-granted: [Exception... \"File error: Not found\"  nsresult: \"0x80520012 (NS_ERROR_FILE_NOT_FOUND)\"  location: \"JS frame :: resource:///modules/BrowserGlue.jsm :: _onQuitApplicationGranted/tasks< :: line 1996\"  data: no]"
1692714028021	Marionette	INFO	Stopped listening on port 37433
JavaScript error: resource://gre/modules/AsyncShutdown.jsm, line 718: Error: Phase "Sqlite.jsm: wait until all connections are closed" is finished, it is too late to register completion condition "protections.sqlite#0: waiting for shutdown"
1692714647615	geckodriver	INFO	Listening on 127.0.0.1:60383
1692714648189	mozrunner::runner	INFO	Running command: MOZ_CRASHREPORTER="1" MOZ_CRASHREPORTER_NO_REPORT="1" MOZ_CRASHREPORTER_SHUTDOWN="1" MOZ_NO_REMOTE="1" "/usr ... te" "--remote-debugging-port" "33711" "--remote-allow-hosts" "localhost" "-no-remote" "-profile" "/tmp/rust_mozprofileRZ1TjL"
ATTENTION: default value of option mesa_glthread overridden by environment.
ATTENTION: default value of option mesa_glthread overridden by environment.
1692714649319	Marionette	INFO	Marionette enabled
1692714649325	Marionette	INFO	Listening on port 42525
WebDriver BiDi listening on ws://localhost:33711
Read port: 42525
ATTENTION: default value of option mesa_glthread overridden by environment.
1692714649523	RemoteAgent	WARN	TLS certificate errors will be ignored for this session
console.warn: SearchSettings: "get: No settings file exists, new profile?" (new NotFoundError("Could not open the file at /tmp/rust_mozprofileRZ1TjL/search.json.mozlz4", (void 0)))
Missing chrome or resource URL: resource://gre/modules/UpdateListener.jsm
Missing chrome or resource URL: resource://gre/modules/UpdateListener.sys.mjs
DevTools listening on ws://localhost:33711/devtools/browser/5b497063-d2e8-4280-973d-819884845b1c
Missing chrome or resource URL: resource://gre/modules/UpdateListener.jsm
Missing chrome or resource URL: resource://gre/modules/UpdateListener.sys.mjs
console.error: "Error during quit-application-granted: [Exception... \"File error: Not found\"  nsresult: \"0x80520012 (NS_ERROR_FILE_NOT_FOUND)\"  location: \"JS frame :: resource:///modules/BrowserGlue.jsm :: _onQuitApplicationGranted/tasks< :: line 1996\"  data: no]"
1692714653396	Marionette	INFO	Stopped listening on port 42525
1692771348299	geckodriver	INFO	Listening on 127.0.0.1:43427
1692771348833	mozrunner::runner	INFO	Running command: MOZ_CRASHREPORTER="1" MOZ_CRASHREPORTER_NO_REPORT="1" MOZ_CRASHREPORTER_SHUTDOWN="1" MOZ_NO_REMOTE="1" "/usr ... te" "--remote-debugging-port" "58247" "--remote-allow-hosts" "localhost" "-no-remote" "-profile" "/tmp/rust_mozprofilem8W8bj"
ATTENTION: default value of option mesa_glthread overridden by environment.
ATTENTION: default value of option mesa_glthread overridden by environment.
1692771349490	Marionette	INFO	Marionette enabled
1692771349496	Marionette	INFO	Listening on port 38211
WebDriver BiDi listening on ws://localhost:58247
Read port: 38211
ATTENTION: default value of option mesa_glthread overridden by environment.
1692771349726	RemoteAgent	WARN	TLS certificate errors will be ignored for this session
console.warn: SearchSettings: "get: No settings file exists, new profile?" (new NotFoundError("Could not open the file at /tmp/rust_mozprofilem8W8bj/search.json.mozlz4", (void 0)))
Missing chrome or resource URL: resource://gre/modules/UpdateListener.jsm
Missing chrome or resource URL: resource://gre/modules/UpdateListener.sys.mjs
DevTools listening on ws://localhost:58247/devtools/browser/69389396-5e03-45bb-aab0-8ab0b764b6e8
console.error: Region.jsm: "Error fetching region" (new Error("TIMEOUT", "resource://gre/modules/Region.jsm", 767))
console.error: Region.jsm: "Failed to fetch region" (new Error("TIMEOUT", "resource://gre/modules/Region.jsm", 419))
1692781884419	geckodriver	INFO	Listening on 127.0.0.1:42205
1692781884961	mozrunner::runner	INFO	Running command: MOZ_CRASHREPORTER="1" MOZ_CRASHREPORTER_NO_REPORT="1" MOZ_CRASHREPORTER_SHUTDOWN="1" MOZ_NO_REMOTE="1" "/usr ... te" "--remote-debugging-port" "55005" "--remote-allow-hosts" "localhost" "-no-remote" "-profile" "/tmp/rust_mozprofileDmMnWT"
ATTENTION: default value of option mesa_glthread overridden by environment.
ATTENTION: default value of option mesa_glthread overridden by environment.
1692781886111	Marionette	INFO	Marionette enabled
1692781886120	Marionette	INFO	Listening on port 36701
WebDriver BiDi listening on ws://localhost:55005
Read port: 36701
ATTENTION: default value of option mesa_glthread overridden by environment.
1692781886498	RemoteAgent	WARN	TLS certificate errors will be ignored for this session
console.warn: SearchSettings: "get: No settings file exists, new profile?" (new NotFoundError("Could not open the file at /tmp/rust_mozprofileDmMnWT/search.json.mozlz4", (void 0)))
Missing chrome or resource URL: resource://gre/modules/UpdateListener.jsm
Missing chrome or resource URL: resource://gre/modules/UpdateListener.sys.mjs
DevTools listening on ws://localhost:55005/devtools/browser/40f22c82-7961-4ac8-bb6b-16053aa30fd6
console.error: Region.jsm: "Error fetching region" (new Error("TIMEOUT", "resource://gre/modules/Region.jsm", 767))
console.error: Region.jsm: "Failed to fetch region" (new Error("TIMEOUT", "resource://gre/modules/Region.jsm", 419))
[2023-08-23T09:13:45Z ERROR mp4parse] Found 2 nul bytes in "\0\0"
[2023-08-23T09:13:45Z ERROR mp4parse] Found 2 nul bytes in "\0\0"
[2023-08-23T09:14:09Z ERROR mp4parse] Found 2 nul bytes in "\0\0"
[2023-08-23T09:14:09Z ERROR mp4parse] Found 2 nul bytes in "\0\0"
Missing chrome or resource URL: resource://gre/modules/UpdateListener.jsm
Missing chrome or resource URL: resource://gre/modules/UpdateListener.sys.mjs
console.error: "Error during quit-application-granted: [Exception... \"File error: Not found\"  nsresult: \"0x80520012 (NS_ERROR_FILE_NOT_FOUND)\"  location: \"JS frame :: resource:///modules/BrowserGlue.jsm :: _onQuitApplicationGranted/tasks< :: line 1996\"  data: no]"
1692782465186	Marionette	INFO	Stopped listening on port 36701
JavaScript error: resource://gre/modules/AsyncShutdown.jsm, line 718: Error: Phase "Sqlite.jsm: wait until all connections are closed" is finished, it is too late to register completion condition "protections.sqlite#0: waiting for shutdown"
1692812938630	geckodriver	INFO	Listening on 127.0.0.1:57729
1692812939199	mozrunner::runner	INFO	Running command: MOZ_CRASHREPORTER="1" MOZ_CRASHREPORTER_NO_REPORT="1" MOZ_CRASHREPORTER_SHUTDOWN="1" MOZ_NO_REMOTE="1" "/usr ... te" "--remote-debugging-port" "36909" "--remote-allow-hosts" "localhost" "-no-remote" "-profile" "/tmp/rust_mozprofilevn2GFY"
ATTENTION: default value of option mesa_glthread overridden by environment.
ATTENTION: default value of option mesa_glthread overridden by environment.
1692812940299	Marionette	INFO	Marionette enabled
1692812940309	Marionette	INFO	Listening on port 44207
WebDriver BiDi listening on ws://localhost:36909
Read port: 44207
ATTENTION: default value of option mesa_glthread overridden by environment.
1692812940775	RemoteAgent	WARN	TLS certificate errors will be ignored for this session
console.warn: SearchSettings: "get: No settings file exists, new profile?" (new NotFoundError("Could not open the file at /tmp/rust_mozprofilevn2GFY/search.json.mozlz4", (void 0)))
Missing chrome or resource URL: resource://gre/modules/UpdateListener.jsm
Missing chrome or resource URL: resource://gre/modules/UpdateListener.sys.mjs
DevTools listening on ws://localhost:36909/devtools/browser/7b0064c0-baf6-4b4c-b5fd-2095d230ec78
Missing chrome or resource URL: resource://gre/modules/UpdateListener.jsm
Missing chrome or resource URL: resource://gre/modules/UpdateListener.sys.mjs
console.error: "Error during quit-application-granted: [Exception... \"File error: Not found\"  nsresult: \"0x80520012 (NS_ERROR_FILE_NOT_FOUND)\"  location: \"JS frame :: resource:///modules/BrowserGlue.jsm :: _onQuitApplicationGranted/tasks< :: line 1996\"  data: no]"
1692813551252	Marionette	INFO	Stopped listening on port 44207
JavaScript error: resource://gre/modules/AsyncShutdown.jsm, line 718: Error: Phase "Sqlite.jsm: wait until all connections are closed" is finished, it is too late to register completion condition "protections.sqlite#0: waiting for shutdown"
1692858318962	geckodriver	INFO	Listening on 127.0.0.1:60829
1692858319496	mozrunner::runner	INFO	Running command: MOZ_CRASHREPORTER="1" MOZ_CRASHREPORTER_NO_REPORT="1" MOZ_CRASHREPORTER_SHUTDOWN="1" MOZ_NO_REMOTE="1" "/usr ... te" "--remote-debugging-port" "36261" "--remote-allow-hosts" "localhost" "-no-remote" "-profile" "/tmp/rust_mozprofileuwpWni"
ATTENTION: default value of option mesa_glthread overridden by environment.
ATTENTION: default value of option mesa_glthread overridden by environment.
1692858320321	Marionette	INFO	Marionette enabled
1692858320328	Marionette	INFO	Listening on port 37129
WebDriver BiDi listening on ws://localhost:36261
Read port: 37129
ATTENTION: default value of option mesa_glthread overridden by environment.
1692858320517	RemoteAgent	WARN	TLS certificate errors will be ignored for this session
console.warn: SearchSettings: "get: No settings file exists, new profile?" (new NotFoundError("Could not open the file at /tmp/rust_mozprofileuwpWni/search.json.mozlz4", (void 0)))
Missing chrome or resource URL: resource://gre/modules/UpdateListener.jsm
Missing chrome or resource URL: resource://gre/modules/UpdateListener.sys.mjs
DevTools listening on ws://localhost:36261/devtools/browser/4a20f41a-439b-486e-885f-c06a050c34ea
console.error: Region.jsm: "Error fetching region" (new Error("TIMEOUT", "resource://gre/modules/Region.jsm", 767))
console.error: Region.jsm: "Failed to fetch region" (new Error("TIMEOUT", "resource://gre/modules/Region.jsm", 419))
1692868556851	geckodriver	INFO	Listening on 127.0.0.1:35469
1692868557395	mozrunner::runner	INFO	Running command: MOZ_CRASHREPORTER="1" MOZ_CRASHREPORTER_NO_REPORT="1" MOZ_CRASHREPORTER_SHUTDOWN="1" MOZ_NO_REMOTE="1" "/usr ... te" "--remote-debugging-port" "42681" "--remote-allow-hosts" "localhost" "-no-remote" "-profile" "/tmp/rust_mozprofileftNhLx"
ATTENTION: default value of option mesa_glthread overridden by environment.
ATTENTION: default value of option mesa_glthread overridden by environment.
1692868558237	Marionette	INFO	Marionette enabled
1692868558244	Marionette	INFO	Listening on port 36465
WebDriver BiDi listening on ws://localhost:42681
Read port: 36465
ATTENTION: default value of option mesa_glthread overridden by environment.
1692868558442	RemoteAgent	WARN	TLS certificate errors will be ignored for this session
console.warn: SearchSettings: "get: No settings file exists, new profile?" (new NotFoundError("Could not open the file at /tmp/rust_mozprofileftNhLx/search.json.mozlz4", (void 0)))
Missing chrome or resource URL: resource://gre/modules/UpdateListener.jsm
Missing chrome or resource URL: resource://gre/modules/UpdateListener.sys.mjs
DevTools listening on ws://localhost:42681/devtools/browser/0fa63fb0-4f04-4df9-beac-00f618a912fd
console.error: Region.jsm: "Error fetching region" (new Error("TIMEOUT", "resource://gre/modules/Region.jsm", 767))
console.error: Region.jsm: "Failed to fetch region" (new Error("TIMEOUT", "resource://gre/modules/Region.jsm", 419))
[GFX1-]: VideoBridgeParent receives IPC close with reason=AbnormalShutdown
